  Container_Constr.cpp
C:\Users\USER\Desktop\TIMP\PROC\programming\programming language\Language.h(2,10): warning C4067: непредвиденные лексемы за директивой препроцессора, требуется newline
  Container_In.cpp
C:\Users\USER\Desktop\TIMP\PROC\programming\programming language\Language.h(2,10): warning C4067: непредвиденные лексемы за директивой препроцессора, требуется newline
  Container_Out.cpp
C:\Users\USER\Desktop\TIMP\PROC\programming\programming language\Language.h(2,10): warning C4067: непредвиденные лексемы за директивой препроцессора, требуется newline
  Functional_In.cpp
  Functional_Out.cpp
  Language_Compare.cpp
C:\Users\USER\Desktop\TIMP\PROC\programming\programming language\Language.h(2,10): warning C4067: непредвиденные лексемы за директивой препроцессора, требуется newline
  Language_In.cpp
C:\Users\USER\Desktop\TIMP\PROC\programming\programming language\Language.h(2,10): warning C4067: непредвиденные лексемы за директивой препроцессора, требуется newline
C:\Users\USER\Desktop\TIMP\PROC\programming\programming language\Language_In.cpp(9,6): warning C4101: inh: неиспользованная локальная переменная
  Language_Out.cpp
C:\Users\USER\Desktop\TIMP\PROC\programming\programming language\Language.h(2,10): warning C4067: непредвиденные лексемы за директивой препроцессора, требуется newline
  ObjectOriented_In.cpp
  ObjectOriented_Out.cpp
  Procedural_In.cpp
  Procedural_Out.cpp
  main.cpp
C:\Users\USER\Desktop\TIMP\PROC\programming\programming language\Language.h(2,10): warning C4067: непредвиденные лексемы за директивой препроцессора, требуется newline
  Создание кода...
C:\Users\USER\Desktop\TIMP\PROC\programming\programming language\Language_Out.cpp(54): warning C4715: YearsPassed: значение возвращается не при всех путях выполнения
  LINK : не найден или не выполнена сборка C:\Users\USER\Desktop\TIMP\PROC\programming\x64\Debug\programming language.exe при последней инкрементной компоновке; выполняется полная компоновка
  programming language.vcxproj -> C:\Users\USER\Desktop\TIMP\PROC\programming\x64\Debug\programming language.exe
